16:03:22 INFO  : Registering command handlers for Vitis TCF services
16:03:22 INFO  : Launching XSCT server: xsct.bat -n  -interactive E:\GitHub\zybo-z7-10-Audio-Project\temp_xsdb_launch_script.tcl
16:03:25 INFO  : XSCT server has started successfully.
16:03:25 INFO  : plnx-install-location is set to ''
16:03:26 INFO  : Platform repository initialization has completed.
16:03:28 INFO  : Successfully done setting XSCT server connection channel  
16:03:28 INFO  : Successfully done query RDI_DATADIR 
16:03:28 INFO  : Successfully done setting workspace for the tool. 
16:04:57 INFO  : Result from executing command 'getProjects': system_wrapper
16:04:57 INFO  : Result from executing command 'getPlatforms': 
16:04:57 INFO  : Platform 'system_wrapper' is added to custom repositories.
16:05:07 INFO  : Platform 'system_wrapper' is added to custom repositories.
16:18:22 INFO  : Launching XSCT server: xsct.bat -n  -interactive E:\GitHub\zybo-z7-10-Audio-Project\temp_xsdb_launch_script.tcl
16:18:25 INFO  : Registering command handlers for Vitis TCF services
16:18:25 INFO  : XSCT server has started successfully.
16:18:25 INFO  : plnx-install-location is set to ''
16:18:25 INFO  : Successfully done setting XSCT server connection channel  
16:18:25 INFO  : Successfully done query RDI_DATADIR 
16:18:25 INFO  : Successfully done setting workspace for the tool. 
16:18:26 ERROR : Error encountered while initializing user repository paths
Reason: No Platforms Found.


16:18:26 INFO  : Platform repository initialization has completed.
16:18:36 ERROR : An unexpected exception occurred in the module 'reading platform'
16:19:37 INFO  : Platform 'system_wrapper' is added to custom repositories.
16:24:32 INFO  : Result from executing command 'getProjects': system_wrapper
16:24:32 INFO  : Result from executing command 'getPlatforms': system_wrapper|E:/GitHub/zybo-z7-10-Audio-Project/system_wrapper/export/system_wrapper/system_wrapper.xpfm
16:24:32 INFO  : Checking for BSP changes to sync application flags for project 'Zybo-Z7-10-DMA'...
16:30:33 INFO  : Connected to target on host '127.0.0.1' and port '3121'.
16:30:34 INFO  : Jtag cable 'Digilent Zybo Z7 210351B7A80EA' is selected.
16:30:34 INFO  : 'jtag frequency' command is executed.
16:30:35 INFO  : Context for 'APU' is selected.
16:30:35 INFO  : System reset is completed.
16:30:38 INFO  : 'after 3000' command is executed.
16:30:39 INFO  : 'targets -set -filter {jtag_cable_name =~ "Digilent Zybo Z7 210351B7A80EA" && level==0 && jtag_device_ctx=="jsn-Zybo Z7-210351B7A80EA-13722093-0"}' command is executed.
16:30:40 INFO  : FPGA configured successfully with bitstream "E:/GitHub/zybo-z7-10-Audio-Project/Zybo-Z7-10-DMA/_ide/bitstream/system_wrapper.bit"
16:30:41 INFO  : Context for 'APU' is selected.
16:30:41 INFO  : Hardware design and registers information is loaded from 'E:/GitHub/zybo-z7-10-Audio-Project/system_wrapper/export/system_wrapper/hw/system_wrapper.xsa'.
16:30:41 INFO  : 'configparams force-mem-access 1' command is executed.
16:30:42 INFO  : Context for 'APU' is selected.
16:30:42 INFO  : Sourcing of 'E:/GitHub/zybo-z7-10-Audio-Project/Zybo-Z7-10-DMA/_ide/psinit/ps7_init.tcl' is done.
16:30:43 INFO  : 'ps7_init' command is executed.
16:30:43 INFO  : 'ps7_post_config' command is executed.
16:30:43 INFO  : Context for processor 'ps7_cortexa9_0' is selected.
16:30:44 INFO  : The application 'E:/GitHub/zybo-z7-10-Audio-Project/Zybo-Z7-10-DMA/Debug/Zybo-Z7-10-DMA.elf' is downloaded to processor 'ps7_cortexa9_0'.
16:30:44 INFO  : 'configparams force-mem-access 0' command is executed.
16:30:44 INFO  : ----------------XSDB Script----------------
connect -url tcp:127.0.0.1:3121
targets -set -nocase -filter {name =~"APU*"}
rst -system
after 3000
targets -set -filter {jtag_cable_name =~ "Digilent Zybo Z7 210351B7A80EA" && level==0 && jtag_device_ctx=="jsn-Zybo Z7-210351B7A80EA-13722093-0"}
fpga -file E:/GitHub/zybo-z7-10-Audio-Project/Zybo-Z7-10-DMA/_ide/bitstream/system_wrapper.bit
targets -set -nocase -filter {name =~"APU*"}
loadhw -hw E:/GitHub/zybo-z7-10-Audio-Project/system_wrapper/export/system_wrapper/hw/system_wrapper.xsa -mem-ranges [list {0x40000000 0xbfffffff}] -regs
configparams force-mem-access 1
targets -set -nocase -filter {name =~"APU*"}
source E:/GitHub/zybo-z7-10-Audio-Project/Zybo-Z7-10-DMA/_ide/psinit/ps7_init.tcl
ps7_init
ps7_post_config
targets -set -nocase -filter {name =~ "*A9*#0"}
dow E:/GitHub/zybo-z7-10-Audio-Project/Zybo-Z7-10-DMA/Debug/Zybo-Z7-10-DMA.elf
configparams force-mem-access 0
----------------End of Script----------------

16:30:44 INFO  : Context for processor 'ps7_cortexa9_0' is selected.
16:30:44 INFO  : 'con' command is executed.
16:30:44 INFO  : ----------------XSDB Script (After Launch)----------------
targets -set -nocase -filter {name =~ "*A9*#0"}
con
----------------End of Script----------------

16:30:44 INFO  : Launch script is exported to file 'E:\GitHub\zybo-z7-10-Audio-Project\.sdk\launch_scripts\single_application_debug\debugger_zybo-z7-10-dma-default.tcl'
16:31:10 INFO  : Disconnected from the channel tcfchan#2.
16:31:11 INFO  : Connected to target on host '127.0.0.1' and port '3121'.
16:31:12 INFO  : Jtag cable 'Digilent Zybo Z7 210351B7A80EA' is selected.
16:31:12 INFO  : 'jtag frequency' command is executed.
16:31:12 INFO  : Context for 'APU' is selected.
16:31:12 INFO  : System reset is completed.
16:31:15 INFO  : 'after 3000' command is executed.
16:31:15 INFO  : 'targets -set -filter {jtag_cable_name =~ "Digilent Zybo Z7 210351B7A80EA" && level==0 && jtag_device_ctx=="jsn-Zybo Z7-210351B7A80EA-13722093-0"}' command is executed.
16:31:16 INFO  : FPGA configured successfully with bitstream "E:/GitHub/zybo-z7-10-Audio-Project/Zybo-Z7-10-DMA/_ide/bitstream/system_wrapper.bit"
16:31:16 INFO  : Context for 'APU' is selected.
16:31:19 INFO  : Hardware design and registers information is loaded from 'E:/GitHub/zybo-z7-10-Audio-Project/system_wrapper/export/system_wrapper/hw/system_wrapper.xsa'.
16:31:19 INFO  : 'configparams force-mem-access 1' command is executed.
16:31:19 INFO  : Context for 'APU' is selected.
16:31:19 INFO  : Sourcing of 'E:/GitHub/zybo-z7-10-Audio-Project/Zybo-Z7-10-DMA/_ide/psinit/ps7_init.tcl' is done.
16:31:19 INFO  : 'ps7_init' command is executed.
16:31:19 INFO  : 'ps7_post_config' command is executed.
16:31:19 INFO  : Context for processor 'ps7_cortexa9_0' is selected.
16:31:19 INFO  : The application 'E:/GitHub/zybo-z7-10-Audio-Project/Zybo-Z7-10-DMA/Debug/Zybo-Z7-10-DMA.elf' is downloaded to processor 'ps7_cortexa9_0'.
16:31:19 INFO  : 'configparams force-mem-access 0' command is executed.
16:31:19 INFO  : ----------------XSDB Script----------------
connect -url tcp:127.0.0.1:3121
targets -set -nocase -filter {name =~"APU*"}
rst -system
after 3000
targets -set -filter {jtag_cable_name =~ "Digilent Zybo Z7 210351B7A80EA" && level==0 && jtag_device_ctx=="jsn-Zybo Z7-210351B7A80EA-13722093-0"}
fpga -file E:/GitHub/zybo-z7-10-Audio-Project/Zybo-Z7-10-DMA/_ide/bitstream/system_wrapper.bit
targets -set -nocase -filter {name =~"APU*"}
loadhw -hw E:/GitHub/zybo-z7-10-Audio-Project/system_wrapper/export/system_wrapper/hw/system_wrapper.xsa -mem-ranges [list {0x40000000 0xbfffffff}] -regs
configparams force-mem-access 1
targets -set -nocase -filter {name =~"APU*"}
source E:/GitHub/zybo-z7-10-Audio-Project/Zybo-Z7-10-DMA/_ide/psinit/ps7_init.tcl
ps7_init
ps7_post_config
targets -set -nocase -filter {name =~ "*A9*#0"}
dow E:/GitHub/zybo-z7-10-Audio-Project/Zybo-Z7-10-DMA/Debug/Zybo-Z7-10-DMA.elf
configparams force-mem-access 0
----------------End of Script----------------

16:31:20 INFO  : Context for processor 'ps7_cortexa9_0' is selected.
16:31:20 INFO  : 'con' command is executed.
16:31:20 INFO  : ----------------XSDB Script (After Launch)----------------
targets -set -nocase -filter {name =~ "*A9*#0"}
con
----------------End of Script----------------

16:31:20 INFO  : Launch script is exported to file 'E:\GitHub\zybo-z7-10-Audio-Project\.sdk\launch_scripts\single_application_debug\debugger_zybo-z7-10-dma-default.tcl'
16:34:42 INFO  : Checking for BSP changes to sync application flags for project 'Zybo-Z7-10-DMA'...
16:34:51 INFO  : Disconnected from the channel tcfchan#3.
16:34:52 INFO  : Connected to target on host '127.0.0.1' and port '3121'.
16:34:52 INFO  : Jtag cable 'Digilent Zybo Z7 210351B7A80EA' is selected.
16:34:52 INFO  : 'jtag frequency' command is executed.
16:34:53 INFO  : Context for 'APU' is selected.
16:34:53 INFO  : System reset is completed.
16:34:56 INFO  : 'after 3000' command is executed.
16:34:56 INFO  : 'targets -set -filter {jtag_cable_name =~ "Digilent Zybo Z7 210351B7A80EA" && level==0 && jtag_device_ctx=="jsn-Zybo Z7-210351B7A80EA-13722093-0"}' command is executed.
16:34:57 INFO  : FPGA configured successfully with bitstream "E:/GitHub/zybo-z7-10-Audio-Project/Zybo-Z7-10-DMA/_ide/bitstream/system_wrapper.bit"
16:34:57 INFO  : Context for 'APU' is selected.
16:34:57 INFO  : Hardware design and registers information is loaded from 'E:/GitHub/zybo-z7-10-Audio-Project/system_wrapper/export/system_wrapper/hw/system_wrapper.xsa'.
16:34:57 INFO  : 'configparams force-mem-access 1' command is executed.
16:34:57 INFO  : Context for 'APU' is selected.
16:34:57 INFO  : Sourcing of 'E:/GitHub/zybo-z7-10-Audio-Project/Zybo-Z7-10-DMA/_ide/psinit/ps7_init.tcl' is done.
16:34:57 INFO  : 'ps7_init' command is executed.
16:34:57 INFO  : 'ps7_post_config' command is executed.
16:34:57 INFO  : Context for processor 'ps7_cortexa9_0' is selected.
16:34:58 INFO  : The application 'E:/GitHub/zybo-z7-10-Audio-Project/Zybo-Z7-10-DMA/Debug/Zybo-Z7-10-DMA.elf' is downloaded to processor 'ps7_cortexa9_0'.
16:34:58 INFO  : 'configparams force-mem-access 0' command is executed.
16:34:58 INFO  : ----------------XSDB Script----------------
connect -url tcp:127.0.0.1:3121
targets -set -nocase -filter {name =~"APU*"}
rst -system
after 3000
targets -set -filter {jtag_cable_name =~ "Digilent Zybo Z7 210351B7A80EA" && level==0 && jtag_device_ctx=="jsn-Zybo Z7-210351B7A80EA-13722093-0"}
fpga -file E:/GitHub/zybo-z7-10-Audio-Project/Zybo-Z7-10-DMA/_ide/bitstream/system_wrapper.bit
targets -set -nocase -filter {name =~"APU*"}
loadhw -hw E:/GitHub/zybo-z7-10-Audio-Project/system_wrapper/export/system_wrapper/hw/system_wrapper.xsa -mem-ranges [list {0x40000000 0xbfffffff}] -regs
configparams force-mem-access 1
targets -set -nocase -filter {name =~"APU*"}
source E:/GitHub/zybo-z7-10-Audio-Project/Zybo-Z7-10-DMA/_ide/psinit/ps7_init.tcl
ps7_init
ps7_post_config
targets -set -nocase -filter {name =~ "*A9*#0"}
dow E:/GitHub/zybo-z7-10-Audio-Project/Zybo-Z7-10-DMA/Debug/Zybo-Z7-10-DMA.elf
configparams force-mem-access 0
----------------End of Script----------------

16:34:58 INFO  : Context for processor 'ps7_cortexa9_0' is selected.
16:34:58 INFO  : 'con' command is executed.
16:34:58 INFO  : ----------------XSDB Script (After Launch)----------------
targets -set -nocase -filter {name =~ "*A9*#0"}
con
----------------End of Script----------------

16:34:58 INFO  : Launch script is exported to file 'E:\GitHub\zybo-z7-10-Audio-Project\.sdk\launch_scripts\single_application_debug\debugger_zybo-z7-10-dma-default.tcl'
16:36:43 INFO  : Disconnected from the channel tcfchan#4.
